2025-03-31 13:27:33,308 - INFO - 开始处理: https://www.lngqjt.com/
2025-03-31 13:27:33,308 - ERROR - IP解析失败 https://www.lngqjt.com/: [Errno 11001] getaddrinfo failed
2025-03-31 13:27:33,309 - INFO - 开始处理: https://www.185hcq.com/
2025-03-31 13:27:33,309 - ERROR - IP解析失败 https://www.185hcq.com/: [Errno 11001] getaddrinfo failed
2025-03-31 13:27:33,309 - INFO - 开始处理: https://www.hty888888.com/
2025-03-31 13:27:33,309 - ERROR - IP解析失败 https://www.hty888888.com/: [Errno 11001] getaddrinfo failed
2025-03-31 13:27:33,309 - INFO - 开始处理: https://www.58mingjiekeji.com/
2025-03-31 13:27:33,311 - ERROR - IP解析失败 https://www.58mingjiekeji.com/: [Errno 11001] getaddrinfo failed
2025-03-31 13:27:33,311 - INFO - 开始处理: http://www.dlyrl.com/
2025-03-31 13:27:33,311 - ERROR - IP解析失败 http://www.dlyrl.com/: [Errno 11001] getaddrinfo failed
2025-03-31 13:27:33,311 - INFO - 开始处理: https://www.beitejinmen.com/
2025-03-31 13:27:33,311 - ERROR - IP解析失败 https://www.beitejinmen.com/: [Errno 11001] getaddrinfo failed
2025-03-31 13:27:33,311 - INFO - 开始处理: https://www.hiiav.net/
2025-03-31 13:27:33,311 - ERROR - IP解析失败 https://www.hiiav.net/: [Errno 11001] getaddrinfo failed
2025-03-31 13:27:33,311 - INFO - 开始处理: https://m.clean1995.com/
2025-03-31 13:27:33,311 - ERROR - IP解析失败 https://m.clean1995.com/: [Errno 11001] getaddrinfo failed
2025-03-31 13:27:33,311 - INFO - 开始处理: https://m.jingaohua.com/
2025-03-31 13:27:33,311 - ERROR - IP解析失败 https://m.jingaohua.com/: [Errno 11001] getaddrinfo failed
2025-03-31 13:27:33,311 - INFO - 开始处理: http://www.sunyeon.cn/
2025-03-31 13:27:33,311 - ERROR - IP解析失败 http://www.sunyeon.cn/: [Errno 11001] getaddrinfo failed
2025-03-31 13:27:33,311 - INFO - 开始处理: https://m.js-ac.com/
2025-03-31 13:27:33,312 - ERROR - IP解析失败 https://m.js-ac.com/: [Errno 11001] getaddrinfo failed
2025-03-31 13:27:33,312 - INFO - 开始处理: https://www.hcxev.com/
2025-03-31 13:27:33,312 - ERROR - IP解析失败 https://www.hcxev.com/: [Errno 11001] getaddrinfo failed
2025-03-31 13:27:33,312 - INFO - 开始处理: https://www.mtkry.com/
2025-03-31 13:27:33,312 - ERROR - IP解析失败 https://www.mtkry.com/: [Errno 11001] getaddrinfo failed
2025-03-31 13:27:33,312 - INFO - 开始处理: https://www.lf-lt.com/
2025-03-31 13:27:33,312 - ERROR - IP解析失败 https://www.lf-lt.com/: [Errno 11001] getaddrinfo failed
