2025-04-03 19:46:16,614 - INFO - 程序启动 - 2025-04-03 19:46
2025-04-03 19:46:19,247 - INFO - 正在处理关键词 菠菜导航
2025-04-03 19:46:36,276 - INFO - 搜索 菠菜导航 后的页面标题: 菠菜导航 - 百度
2025-04-03 19:46:41,413 - WARNING - 链接 https://wappass.baidu.com/passport/?login&tpl=wimn&subpro=wimn&sms=1&regtype=1&u=https%3A%2F%2Fmbd.baidu.com%2Fwebpage%3Faction%3Dicard%26type%3Dsubscribe%26channel%3Dwise_home 重定向到登录页面 https://wappass.baidu.com/passport/?login&tpl=wimn&subpro=wimn&sms=1&regtype=1&u=https%3A%2F%2Fmbd.baidu.com%2Fwebpage%3Faction%3Dicard%26type%3Dsubscribe%26channel%3Dwise_home#/insert_account，跳过
2025-04-03 19:46:42,870 - WARNING - 链接 https://wappass.baidu.com/passport/?login&tpl=wimn&subpro=wimn&sms=1&regtype=1&u=http%3A%2F%2Fmysearch.pae.baidu.com%2Fpage%2Ffav%3Faction%3Dr 重定向到登录页面 https://wappass.baidu.com/passport/?login&tpl=wimn&subpro=wimn&sms=1&regtype=1&u=http%3A%2F%2Fmysearch.pae.baidu.com%2Fpage%2Ffav%3Faction%3Dr#/insert_account，跳过
2025-04-03 19:46:48,867 - WARNING - 链接 https://wappass.baidu.com/passport/?login&tpl=wise&subpro=wiseresult&u=https%3A%2F%2Fm.baidu.com%2Fs%3Fword%3D%25E8%258F%25A0%25E8%258F%259C%25E5%25AF%25BC%25E8%2588%25AA%26ts%3D0%26t_kt%3D0%26ie%3Dutf-8%26rsv_iqid%3D10041252946060248685%26rsv_t%3D11cdV0WC7pTpvtt4BQ9%25252FS3456P86jjC2e6AFtfPwnADfYk5VfDWfgQ%26sa%3Dib%26rsv_pq%3D10041252946060248685%26rsv_sug4%3D1743684388867%26inputT%3D1743684388875 重定向到登录页面 https://wappass.baidu.com/passport/?login&tpl=wise&subpro=wiseresult&u=https%3A%2F%2Fm.baidu.com%2Fs%3Fword%3D%25E8%258F%25A0%25E8%258F%259C%25E5%25AF%25BC%25E8%2588%25AA%26ts%3D0%26t_kt%3D0%26ie%3Dutf-8%26rsv_iqid%3D10041252946060248685%26rsv_t%3D11cdV0WC7pTpvtt4BQ9%25252FS3456P86jjC2e6AFtfPwnADfYk5VfDWfgQ%26sa%3Dib%26rsv_pq%3D10041252946060248685%26rsv_sug4%3D1743684388867%26inputT%3D1743684388875#/insert_account，跳过
2025-04-03 19:46:49,915 - WARNING - 链接 https://wappass.baidu.com/passport/?login&tpl=wise&subpro=wiseresult&u=https%3A%2F%2Fm.baidu.com%2Fs%3Fword%3D%25E8%258F%25A0%25E8%258F%259C%25E5%25AF%25BC%25E8%2588%25AA%26ts%3D0%26t_kt%3D0%26ie%3Dutf-8%26rsv_iqid%3D10041252946060248685%26rsv_t%3D11cdV0WC7pTpvtt4BQ9%25252FS3456P86jjC2e6AFtfPwnADfYk5VfDWfgQ%26sa%3Dib%26rsv_pq%3D10041252946060248685%26rsv_sug4%3D1743684388867%26inputT%3D1743684388875 重定向到登录页面 https://wappass.baidu.com/passport/?login&tpl=wise&subpro=wiseresult&u=https%3A%2F%2Fm.baidu.com%2Fs%3Fword%3D%25E8%258F%25A0%25E8%258F%259C%25E5%25AF%25BC%25E8%2588%25AA%26ts%3D0%26t_kt%3D0%26ie%3Dutf-8%26rsv_iqid%3D10041252946060248685%26rsv_t%3D11cdV0WC7pTpvtt4BQ9%25252FS3456P86jjC2e6AFtfPwnADfYk5VfDWfgQ%26sa%3Dib%26rsv_pq%3D10041252946060248685%26rsv_sug4%3D1743684388867%26inputT%3D1743684388875#/insert_account，跳过
2025-04-03 19:47:05,108 - INFO - 关键词 菠菜导航 - 总内容长度: 14691, 总外链数: 2, 知名域名数: 6, 独特域名数: 1, 第一名内容长度: 0, 第一名外链数: 0
2025-04-03 19:47:05,108 - INFO - 关键词 菠菜导航 - CF: 11.752799999999999, LF: 0.32, DF: 48.0, UF: 10.0, UCI: 15.4
2025-04-03 19:47:10,930 - INFO - 正在处理关键词 博彩sports平台
2025-04-03 19:47:14,979 - ERROR - 关键词 博彩sports平台 第 1 次尝试失败: Page.evaluate: Execution context was destroyed, most likely because of a navigation
2025-04-03 19:47:27,896 - INFO - 搜索 博彩sports平台 后的页面标题: 博彩sports平台 - 百度
2025-04-03 19:47:29,580 - WARNING - 链接 https://wappass.baidu.com/passport/?login&tpl=wimn&subpro=wimn&sms=1&regtype=1&u=https%3A%2F%2Fmbd.baidu.com%2Fwebpage%3Faction%3Dicard%26type%3Dsubscribe%26channel%3Dwise_home 重定向到登录页面 https://wappass.baidu.com/passport/?login&tpl=wimn&subpro=wimn&sms=1&regtype=1&u=https%3A%2F%2Fmbd.baidu.com%2Fwebpage%3Faction%3Dicard%26type%3Dsubscribe%26channel%3Dwise_home#/insert_account，跳过
2025-04-03 19:47:31,107 - WARNING - 链接 https://wappass.baidu.com/passport/?login&tpl=wimn&subpro=wimn&sms=1&regtype=1&u=http%3A%2F%2Fmysearch.pae.baidu.com%2Fpage%2Ffav%3Faction%3Dr 重定向到登录页面 https://wappass.baidu.com/passport/?login&tpl=wimn&subpro=wimn&sms=1&regtype=1&u=http%3A%2F%2Fmysearch.pae.baidu.com%2Fpage%2Ffav%3Faction%3Dr#/insert_account，跳过
2025-04-03 19:47:34,430 - WARNING - 链接 https://wappass.baidu.com/passport/?login&tpl=wise&subpro=wiseresult&u=https%3A%2F%2Fm.baidu.com%2Fs%3Fword%3D%25E5%258D%259A%25E5%25BD%25A9sports%25E5%25B9%25B3%25E5%258F%25B0%26ts%3D0%26t_kt%3D0%26ie%3Dutf-8%26rsv_iqid%3D10455629894975586805%26rsv_t%3D66b7%25252FbUOpOaIu5%25252Bzt%25252Bido7E5Y6QSAM4jDLTSAGM93eMUuen4qd%25252F1tg%26sa%3Dib%26rsv_pq%3D10455629894975586805%26rsv_sug4%3D1743684443722%26inputT%3D1743684443728 重定向到登录页面 https://wappass.baidu.com/passport/?login&tpl=wise&subpro=wiseresult&u=https%3A%2F%2Fm.baidu.com%2Fs%3Fword%3D%25E5%258D%259A%25E5%25BD%25A9sports%25E5%25B9%25B3%25E5%258F%25B0%26ts%3D0%26t_kt%3D0%26ie%3Dutf-8%26rsv_iqid%3D10455629894975586805%26rsv_t%3D66b7%25252FbUOpOaIu5%25252Bzt%25252Bido7E5Y6QSAM4jDLTSAGM93eMUuen4qd%25252F1tg%26sa%3Dib%26rsv_pq%3D10455629894975586805%26rsv_sug4%3D1743684443722%26inputT%3D1743684443728#/insert_account，跳过
2025-04-03 19:47:35,444 - WARNING - 链接 https://wappass.baidu.com/passport/?login&tpl=wise&subpro=wiseresult&u=https%3A%2F%2Fm.baidu.com%2Fs%3Fword%3D%25E5%258D%259A%25E5%25BD%25A9sports%25E5%25B9%25B3%25E5%258F%25B0%26ts%3D0%26t_kt%3D0%26ie%3Dutf-8%26rsv_iqid%3D10455629894975586805%26rsv_t%3D66b7%25252FbUOpOaIu5%25252Bzt%25252Bido7E5Y6QSAM4jDLTSAGM93eMUuen4qd%25252F1tg%26sa%3Dib%26rsv_pq%3D10455629894975586805%26rsv_sug4%3D1743684443722%26inputT%3D1743684443728 重定向到登录页面 https://wappass.baidu.com/passport/?login&tpl=wise&subpro=wiseresult&u=https%3A%2F%2Fm.baidu.com%2Fs%3Fword%3D%25E5%258D%259A%25E5%25BD%25A9sports%25E5%25B9%25B3%25E5%258F%25B0%26ts%3D0%26t_kt%3D0%26ie%3Dutf-8%26rsv_iqid%3D10455629894975586805%26rsv_t%3D66b7%25252FbUOpOaIu5%25252Bzt%25252Bido7E5Y6QSAM4jDLTSAGM93eMUuen4qd%25252F1tg%26sa%3Dib%26rsv_pq%3D10455629894975586805%26rsv_sug4%3D1743684443722%26inputT%3D1743684443728#/insert_account，跳过
2025-04-03 19:47:46,381 - INFO - 关键词 博彩sports平台 - 总内容长度: 16551, 总外链数: 1, 知名域名数: 6, 独特域名数: 1, 第一名内容长度: 0, 第一名外链数: 0
2025-04-03 19:47:46,382 - INFO - 关键词 博彩sports平台 - CF: 13.2408, LF: 0.16, DF: 48.0, UF: 10.0, UCI: 15.94
2025-04-03 19:47:46,595 - INFO - 结果已保存/追加到 combined_uci_20250403_1946.xlsx
2025-04-03 19:47:46,595 - INFO - 已处理 2 个关键词，保存批次
2025-04-03 19:47:50,766 - INFO - 正在处理域名 https://m.micro-maker.com
2025-04-03 19:48:05,771 - WARNING - 访问域名 https://m.micro-maker.com 失败: Page.goto: Timeout 15000ms exceeded.
Call log:
  - navigating to "https://m.micro-maker.com/", waiting until "load"

2025-04-03 19:48:05,771 - INFO - 域名 https://m.micro-maker.com - CF: 0.0, LF: 0.0, DF: 0, UF: 50, UCI: 5.0
2025-04-03 19:48:09,539 - INFO - 正在处理域名 http://www.aierxingz.com
2025-04-03 19:48:18,644 - INFO - 域名 http://www.aierxingz.com - 内容长度: 493, 外链数: 0
2025-04-03 19:48:18,645 - INFO - 域名 http://www.aierxingz.com - CF: 4.93, LF: 0.0, DF: 0, UF: 50, UCI: 6.97
2025-04-03 19:48:23,677 - INFO - 正在处理域名 https://www.bet365.com
2025-04-03 19:48:26,420 - INFO - 域名 https://www.bet365.com - 内容长度: 810, 外链数: 0
2025-04-03 19:48:26,420 - INFO - 域名 https://www.bet365.com - CF: 8.1, LF: 0.0, DF: 0, UF: 50, UCI: 8.24
2025-04-03 19:48:30,177 - INFO - 正在处理域名 https://1xbetind.in
2025-04-03 19:48:44,510 - INFO - 域名 https://1xbetind.in - 内容长度: 97, 外链数: 0
2025-04-03 19:48:44,510 - INFO - 域名 https://1xbetind.in - CF: 0.97, LF: 0.0, DF: 0, UF: 50, UCI: 5.39
2025-04-03 19:48:49,317 - INFO - 正在处理域名 https://www.bet365.com
2025-04-03 19:48:51,332 - INFO - 域名 https://www.bet365.com - 内容长度: 810, 外链数: 0
2025-04-03 19:48:51,332 - INFO - 域名 https://www.bet365.com - CF: 8.1, LF: 0.0, DF: 0, UF: 50, UCI: 8.24
2025-04-03 19:48:51,360 - INFO - 结果已保存/追加到 combined_uci_20250403_1946.xlsx
2025-04-03 19:48:51,361 - INFO - 已处理 5 个域名，保存批次
2025-04-03 19:48:57,098 - INFO - 正在处理域名 https://www.ruimeidachuju.com
2025-04-03 19:49:00,795 - INFO - 域名 https://www.ruimeidachuju.com - 内容长度: 4538, 外链数: 0
2025-04-03 19:49:00,795 - INFO - 域名 https://www.ruimeidachuju.com - CF: 45.379999999999995, LF: 0.0, DF: 0, UF: 50, UCI: 23.15
2025-04-03 19:49:00,812 - INFO - 结果已保存/追加到 combined_uci_20250403_1946.xlsx
2025-04-03 19:49:00,813 - INFO - 已处理 6 个域名，保存批次
2025-04-03 19:49:06,537 - INFO - 程序结束 - 2025-04-03 19:49
2025-04-03 19:52:19,600 - INFO - 程序启动 - 2025-04-03 19:52
2025-04-03 19:52:21,663 - INFO - 正在处理关键词 菠菜导航
2025-04-03 19:52:38,742 - INFO - 搜索 菠菜导航 后的页面标题: 菠菜导航 - 百度
2025-04-03 19:52:42,180 - WARNING - 链接 https://wappass.baidu.com/passport/?login&tpl=wimn&subpro=wimn&sms=1&regtype=1&u=https%3A%2F%2Fmbd.baidu.com%2Fwebpage%3Faction%3Dicard%26type%3Dsubscribe%26channel%3Dwise_home 重定向到登录页面 https://wappass.baidu.com/passport/?login&tpl=wimn&subpro=wimn&sms=1&regtype=1&u=https%3A%2F%2Fmbd.baidu.com%2Fwebpage%3Faction%3Dicard%26type%3Dsubscribe%26channel%3Dwise_home#/insert_account，跳过
2025-04-03 19:52:42,961 - WARNING - 链接 https://wappass.baidu.com/passport/?login&tpl=wimn&subpro=wimn&sms=1&regtype=1&u=http%3A%2F%2Fmysearch.pae.baidu.com%2Fpage%2Ffav%3Faction%3Dr 重定向到登录页面 https://wappass.baidu.com/passport/?login&tpl=wimn&subpro=wimn&sms=1&regtype=1&u=http%3A%2F%2Fmysearch.pae.baidu.com%2Fpage%2Ffav%3Faction%3Dr#/insert_account，跳过
2025-04-03 19:52:49,296 - WARNING - 链接 https://wappass.baidu.com/passport/?login&tpl=wise&subpro=wiseresult&u=https%3A%2F%2Fm.baidu.com%2Fs%3Fword%3D%25E8%258F%25A0%25E8%258F%259C%25E5%25AF%25BC%25E8%2588%25AA%26ts%3D0%26t_kt%3D0%26ie%3Dutf-8%26rsv_iqid%3D11769888965224094589%26rsv_t%3Df597P3qO9XeK7Yl0tqGhhrW4bHK3Wl6oeodN2TCzROwrCxsclFIMuA%26sa%3Dib_d%26rsv_pq%3D11769888965224094589%26rsv_sug4%3D1743684748726%26inputT%3D1743684748735%26rqid%3D11769888965224094589%26rfrom%3D1024439e%26rchannel%3D1024439k 重定向到登录页面 https://wappass.baidu.com/passport/?login&tpl=wise&subpro=wiseresult&u=https%3A%2F%2Fm.baidu.com%2Fs%3Fword%3D%25E8%258F%25A0%25E8%258F%259C%25E5%25AF%25BC%25E8%2588%25AA%26ts%3D0%26t_kt%3D0%26ie%3Dutf-8%26rsv_iqid%3D11769888965224094589%26rsv_t%3Df597P3qO9XeK7Yl0tqGhhrW4bHK3Wl6oeodN2TCzROwrCxsclFIMuA%26sa%3Dib_d%26rsv_pq%3D11769888965224094589%26rsv_sug4%3D1743684748726%26inputT%3D1743684748735%26rqid%3D11769888965224094589%26rfrom%3D1024439e%26rchannel%3D1024439k#/insert_account，跳过
2025-04-03 19:52:51,358 - WARNING - 链接 https://wappass.baidu.com/passport/?login&tpl=wise&subpro=wiseresult&u=https%3A%2F%2Fm.baidu.com%2Fs%3Fword%3D%25E8%258F%25A0%25E8%258F%259C%25E5%25AF%25BC%25E8%2588%25AA%26ts%3D0%26t_kt%3D0%26ie%3Dutf-8%26rsv_iqid%3D11769888965224094589%26rsv_t%3Df597P3qO9XeK7Yl0tqGhhrW4bHK3Wl6oeodN2TCzROwrCxsclFIMuA%26sa%3Dib_d%26rsv_pq%3D11769888965224094589%26rsv_sug4%3D1743684748726%26inputT%3D1743684748735%26rqid%3D11769888965224094589%26rfrom%3D1024439e%26rchannel%3D1024439k 重定向到登录页面 https://wappass.baidu.com/passport/?login&tpl=wise&subpro=wiseresult&u=https%3A%2F%2Fm.baidu.com%2Fs%3Fword%3D%25E8%258F%25A0%25E8%258F%259C%25E5%25AF%25BC%25E8%2588%25AA%26ts%3D0%26t_kt%3D0%26ie%3Dutf-8%26rsv_iqid%3D11769888965224094589%26rsv_t%3Df597P3qO9XeK7Yl0tqGhhrW4bHK3Wl6oeodN2TCzROwrCxsclFIMuA%26sa%3Dib_d%26rsv_pq%3D11769888965224094589%26rsv_sug4%3D1743684748726%26inputT%3D1743684748735%26rqid%3D11769888965224094589%26rfrom%3D1024439e%26rchannel%3D1024439k#/insert_account，跳过
2025-04-03 19:53:06,040 - INFO - 关键词 菠菜导航 - 总内容长度: 14422, 总外链数: 2, 知名域名数: 6, 独特域名数: 1, 第一名内容长度: 0, 第一名外链数: 0
2025-04-03 19:53:06,040 - INFO - 关键词 菠菜导航 - CF: 11.537600000000001, LF: 0.32, DF: 48.0, UF: 10.0, UCI: 15.31
2025-04-03 19:53:11,578 - INFO - 正在处理关键词 博彩sports平台
2025-04-03 19:53:23,149 - INFO - 搜索 博彩sports平台 后的页面标题: 博彩sports平台 - 百度
2025-04-03 19:53:24,490 - WARNING - 链接 https://wappass.baidu.com/passport/?login&tpl=wimn&subpro=wimn&sms=1&regtype=1&u=https%3A%2F%2Fmbd.baidu.com%2Fwebpage%3Faction%3Dicard%26type%3Dsubscribe%26channel%3Dwise_home 重定向到登录页面 https://wappass.baidu.com/passport/?login&tpl=wimn&subpro=wimn&sms=1&regtype=1&u=https%3A%2F%2Fmbd.baidu.com%2Fwebpage%3Faction%3Dicard%26type%3Dsubscribe%26channel%3Dwise_home#/insert_account，跳过
2025-04-03 19:53:25,970 - WARNING - 链接 https://wappass.baidu.com/passport/?login&tpl=wimn&subpro=wimn&sms=1&regtype=1&u=http%3A%2F%2Fmysearch.pae.baidu.com%2Fpage%2Ffav%3Faction%3Dr 重定向到登录页面 https://wappass.baidu.com/passport/?login&tpl=wimn&subpro=wimn&sms=1&regtype=1&u=http%3A%2F%2Fmysearch.pae.baidu.com%2Fpage%2Ffav%3Faction%3Dr#/insert_account，跳过
2025-04-03 19:53:29,565 - WARNING - 链接 https://wappass.baidu.com/passport/?login&tpl=wise&subpro=wiseresult&u=https%3A%2F%2Fm.baidu.com%2Fs%3Fword%3D%25E5%258D%259A%25E5%25BD%25A9sports%25E5%25B9%25B3%25E5%258F%25B0%26ts%3D0%26t_kt%3D0%26ie%3Dutf-8%26rsv_iqid%3D10715910695338796510%26rsv_t%3D9994JlNSV5ZhNjhzCPYslaPHu9dme0K3LH3UqfGqdoKWUFN5pHOrzw%26sa%3Dib%26rsv_pq%3D10715910695338796510%26rsv_sug4%3D1743684797830%26inputT%3D1743684797836 重定向到登录页面 https://wappass.baidu.com/passport/?login&tpl=wise&subpro=wiseresult&u=https%3A%2F%2Fm.baidu.com%2Fs%3Fword%3D%25E5%258D%259A%25E5%25BD%25A9sports%25E5%25B9%25B3%25E5%258F%25B0%26ts%3D0%26t_kt%3D0%26ie%3Dutf-8%26rsv_iqid%3D10715910695338796510%26rsv_t%3D9994JlNSV5ZhNjhzCPYslaPHu9dme0K3LH3UqfGqdoKWUFN5pHOrzw%26sa%3Dib%26rsv_pq%3D10715910695338796510%26rsv_sug4%3D1743684797830%26inputT%3D1743684797836#/insert_account，跳过
2025-04-03 19:53:30,553 - WARNING - 链接 https://wappass.baidu.com/passport/?login&tpl=wise&subpro=wiseresult&u=https%3A%2F%2Fm.baidu.com%2Fs%3Fword%3D%25E5%258D%259A%25E5%25BD%25A9sports%25E5%25B9%25B3%25E5%258F%25B0%26ts%3D0%26t_kt%3D0%26ie%3Dutf-8%26rsv_iqid%3D10715910695338796510%26rsv_t%3D9994JlNSV5ZhNjhzCPYslaPHu9dme0K3LH3UqfGqdoKWUFN5pHOrzw%26sa%3Dib%26rsv_pq%3D10715910695338796510%26rsv_sug4%3D1743684797830%26inputT%3D1743684797836 重定向到登录页面 https://wappass.baidu.com/passport/?login&tpl=wise&subpro=wiseresult&u=https%3A%2F%2Fm.baidu.com%2Fs%3Fword%3D%25E5%258D%259A%25E5%25BD%25A9sports%25E5%25B9%25B3%25E5%258F%25B0%26ts%3D0%26t_kt%3D0%26ie%3Dutf-8%26rsv_iqid%3D10715910695338796510%26rsv_t%3D9994JlNSV5ZhNjhzCPYslaPHu9dme0K3LH3UqfGqdoKWUFN5pHOrzw%26sa%3Dib%26rsv_pq%3D10715910695338796510%26rsv_sug4%3D1743684797830%26inputT%3D1743684797836#/insert_account，跳过
2025-04-03 19:53:45,508 - INFO - 关键词 博彩sports平台 - 总内容长度: 16622, 总外链数: 1, 知名域名数: 6, 独特域名数: 1, 第一名内容长度: 0, 第一名外链数: 0
2025-04-03 19:53:45,508 - INFO - 关键词 博彩sports平台 - CF: 13.297600000000001, LF: 0.16, DF: 48.0, UF: 10.0, UCI: 15.97
2025-04-03 19:53:45,726 - INFO - 结果已保存/追加到 combined_uci_20250403_1952.xlsx
2025-04-03 19:53:45,726 - INFO - 已处理 2 个关键词，保存批次
2025-04-03 19:53:50,593 - INFO - 正在处理域名 https://m.micro-maker.com
2025-04-03 19:54:06,747 - INFO - 域名 https://m.micro-maker.com - 内容长度: 183990, 外链数: 0
2025-04-03 19:54:06,747 - INFO - 域名 https://m.micro-maker.com - CF: 100, LF: 0.0, DF: 0, UF: 50, UCI: 45.0
2025-04-03 19:54:10,887 - INFO - 正在处理域名 http://www.aierxingz.com
2025-04-03 19:54:18,805 - INFO - 域名 http://www.aierxingz.com - 内容长度: 40, 外链数: 0
2025-04-03 19:54:18,805 - INFO - 域名 http://www.aierxingz.com - CF: 0.4, LF: 0.0, DF: 0, UF: 50, UCI: 5.16
2025-04-03 19:54:23,651 - INFO - 正在处理域名 https://www.bet365.com
2025-04-03 19:54:27,696 - INFO - 域名 https://www.bet365.com - 内容长度: 810, 外链数: 0
2025-04-03 19:54:27,696 - INFO - 域名 https://www.bet365.com - CF: 8.1, LF: 0.0, DF: 0, UF: 50, UCI: 8.24
2025-04-03 19:54:31,580 - INFO - 正在处理域名 https://1xbetind.in
2025-04-03 19:54:40,525 - INFO - 域名 https://1xbetind.in - 内容长度: 148, 外链数: 0
2025-04-03 19:54:40,526 - INFO - 域名 https://1xbetind.in - CF: 1.48, LF: 0.0, DF: 0, UF: 50, UCI: 5.59
2025-04-03 19:54:46,057 - INFO - 正在处理域名 https://www.bet365.com
2025-04-03 19:54:49,568 - INFO - 域名 https://www.bet365.com - 内容长度: 810, 外链数: 0
2025-04-03 19:54:49,568 - INFO - 域名 https://www.bet365.com - CF: 8.1, LF: 0.0, DF: 0, UF: 50, UCI: 8.24
2025-04-03 19:54:49,599 - INFO - 结果已保存/追加到 combined_uci_20250403_1952.xlsx
2025-04-03 19:54:49,600 - INFO - 已处理 5 个域名，保存批次
2025-04-03 19:54:52,628 - INFO - 正在处理域名 https://www.ruimeidachuju.com
2025-04-03 19:54:56,510 - INFO - 域名 https://www.ruimeidachuju.com - 内容长度: 4538, 外链数: 0
2025-04-03 19:54:56,510 - INFO - 域名 https://www.ruimeidachuju.com - CF: 45.379999999999995, LF: 0.0, DF: 0, UF: 50, UCI: 23.15
2025-04-03 19:54:56,532 - INFO - 结果已保存/追加到 combined_uci_20250403_1952.xlsx
2025-04-03 19:54:56,532 - INFO - 已处理 6 个域名，保存批次
2025-04-03 19:55:03,663 - INFO - 程序结束 - 2025-04-03 19:55
