2025-04-03 20:21:09,886 - INFO - 程序启动
2025-04-03 20:21:13,193 - INFO - 浏览器初始化完成
2025-04-03 20:21:13,194 - INFO - 正在处理关键词 菠菜导航
2025-04-03 20:21:45,124 - INFO - 关键词 菠菜导航 - 总内容长度: 15798, 总外链数: 1, 知名域名数: 10, 独特域名数: 1, 第一名内容长度: 251, 第一名外链数: 0
2025-04-03 20:21:45,126 - INFO - 关键词 菠菜导航 - CF: 13.140400000000001, LF: 0.16, DF: 80.0, UF: 10.0, UCI: 22.3
2025-04-03 20:21:50,491 - INFO - 正在处理关键词 博彩sports平台
2025-04-03 20:22:16,269 - INFO - 关键词 博彩sports平台 - 总内容长度: 13998, 总外链数: 1, 知名域名数: 10, 独特域名数: 1, 第一名内容长度: 251, 第一名外链数: 0
2025-04-03 20:22:16,270 - INFO - 关键词 博彩sports平台 - CF: 11.7004, LF: 0.16, DF: 80.0, UF: 10.0, UCI: 21.73
2025-04-03 20:22:16,485 - INFO - 结果已保存/追加到 combined_uci_20250403_2021.xlsx
2025-04-03 20:22:16,485 - INFO - 已处理 2 个关键词，保存批次
2025-04-03 20:22:20,124 - INFO - 正在处理域名 https://m.micro-maker.com
2025-04-03 20:22:29,482 - INFO - 域名 https://m.micro-maker.com - 内容长度: 183457, 外链数: 0
2025-04-03 20:22:29,482 - INFO - 域名 https://m.micro-maker.com - CF: 100, LF: 0.0, DF: 0, UF: 50, UCI: 45.0
2025-04-03 20:22:33,385 - INFO - 正在处理域名 http://www.aierxingz.com
2025-04-03 20:22:41,787 - INFO - 域名 http://www.aierxingz.com - 内容长度: 493, 外链数: 0
2025-04-03 20:22:41,787 - INFO - 域名 http://www.aierxingz.com - CF: 4.93, LF: 0.0, DF: 0, UF: 50, UCI: 6.97
2025-04-03 20:22:45,312 - INFO - 正在处理域名 https://www.bet365.com
2025-04-03 20:22:47,668 - INFO - 域名 https://www.bet365.com - 内容长度: 810, 外链数: 0
2025-04-03 20:22:47,668 - INFO - 域名 https://www.bet365.com - CF: 8.1, LF: 0.0, DF: 0, UF: 50, UCI: 8.24
2025-04-03 20:22:51,825 - INFO - 正在处理域名 https://1xbetind.in
2025-04-03 20:22:57,276 - INFO - 域名 https://1xbetind.in - 内容长度: 98, 外链数: 0
2025-04-03 20:22:57,276 - INFO - 域名 https://1xbetind.in - CF: 0.98, LF: 0.0, DF: 0, UF: 50, UCI: 5.39
2025-04-03 20:23:01,573 - INFO - 正在处理域名 https://www.bet365.com
2025-04-03 20:23:04,550 - INFO - 域名 https://www.bet365.com - 内容长度: 810, 外链数: 0
2025-04-03 20:23:04,551 - INFO - 域名 https://www.bet365.com - CF: 8.1, LF: 0.0, DF: 0, UF: 50, UCI: 8.24
2025-04-03 20:23:04,572 - INFO - 结果已保存/追加到 combined_uci_20250403_2021.xlsx
2025-04-03 20:23:04,572 - INFO - 已处理 5 个域名，保存批次
2025-04-03 20:23:08,416 - INFO - 正在处理域名 https://www.ruimeidachuju.com
2025-04-03 20:23:11,436 - INFO - 域名 https://www.ruimeidachuju.com - 内容长度: 4538, 外链数: 0
2025-04-03 20:23:11,436 - INFO - 域名 https://www.ruimeidachuju.com - CF: 45.379999999999995, LF: 0.0, DF: 0, UF: 50, UCI: 23.15
2025-04-03 20:23:11,456 - INFO - 结果已保存/追加到 combined_uci_20250403_2021.xlsx
2025-04-03 20:23:11,456 - INFO - 已处理 6 个域名，保存批次
2025-04-03 20:23:17,658 - INFO - 浏览器已关闭
2025-04-03 20:27:24,668 - INFO - 程序启动
2025-04-03 20:27:28,095 - INFO - 浏览器初始化完成
2025-04-03 20:27:28,095 - INFO - 正在处理关键词 菠菜导航
2025-04-03 20:27:59,546 - INFO - 关键词 菠菜导航 - 总内容长度: 15328, 总外链数: 2, 知名域名数: 10, 独特域名数: 1, 第一名内容长度: 251, 第一名外链数: 0
2025-04-03 20:27:59,546 - INFO - 关键词 菠菜导航 - CF: 12.7644, LF: 0.32, DF: 80.0, UF: 10.0, UCI: 22.2
2025-04-03 20:28:04,420 - INFO - 正在处理关键词 博彩sports平台
2025-04-03 20:28:30,381 - INFO - 关键词 博彩sports平台 - 总内容长度: 13910, 总外链数: 1, 知名域名数: 10, 独特域名数: 1, 第一名内容长度: 251, 第一名外链数: 0
2025-04-03 20:28:30,381 - INFO - 关键词 博彩sports平台 - CF: 11.63, LF: 0.16, DF: 80.0, UF: 10.0, UCI: 21.7
2025-04-03 20:28:30,600 - INFO - 结果已保存/追加到 combined_uci_20250403_2027.xlsx
2025-04-03 20:28:30,600 - INFO - 已处理 2 个关键词，保存批次
2025-04-03 20:28:36,546 - INFO - 正在处理域名 https://m.micro-maker.com
2025-04-03 20:28:46,314 - INFO - 域名 https://m.micro-maker.com - 内容长度: 183457, 外链数: 0
2025-04-03 20:28:46,314 - INFO - 域名 https://m.micro-maker.com - CF: 100, LF: 0.0, DF: 0, UF: 50, UCI: 45.0
2025-04-03 20:28:51,343 - INFO - 正在处理域名 http://www.aierxingz.com
2025-04-03 20:28:58,262 - INFO - 域名 http://www.aierxingz.com - 内容长度: 493, 外链数: 0
2025-04-03 20:28:58,263 - INFO - 域名 http://www.aierxingz.com - CF: 4.93, LF: 0.0, DF: 0, UF: 50, UCI: 6.97
2025-04-03 20:29:02,087 - INFO - 正在处理域名 https://www.bet365.com
2025-04-03 20:29:04,144 - INFO - 域名 https://www.bet365.com - 内容长度: 810, 外链数: 0
2025-04-03 20:29:04,144 - INFO - 域名 https://www.bet365.com - CF: 8.1, LF: 0.0, DF: 0, UF: 50, UCI: 8.24
2025-04-03 20:29:09,585 - INFO - 正在处理域名 https://1xbetind.in
2025-04-03 20:29:15,727 - INFO - 域名 https://1xbetind.in - 内容长度: 97, 外链数: 0
2025-04-03 20:29:15,727 - INFO - 域名 https://1xbetind.in - CF: 0.97, LF: 0.0, DF: 0, UF: 50, UCI: 5.39
2025-04-03 20:29:18,859 - INFO - 正在处理域名 https://www.bet365.com
2025-04-03 20:29:21,338 - INFO - 域名 https://www.bet365.com - 内容长度: 810, 外链数: 0
2025-04-03 20:29:21,338 - INFO - 域名 https://www.bet365.com - CF: 8.1, LF: 0.0, DF: 0, UF: 50, UCI: 8.24
2025-04-03 20:29:21,369 - INFO - 结果已保存/追加到 combined_uci_20250403_2027.xlsx
2025-04-03 20:29:21,369 - INFO - 已处理 5 个域名，保存批次
2025-04-03 20:29:24,497 - INFO - 正在处理域名 https://www.ruimeidachuju.com
2025-04-03 20:29:27,725 - INFO - 域名 https://www.ruimeidachuju.com - 内容长度: 4538, 外链数: 0
2025-04-03 20:29:27,725 - INFO - 域名 https://www.ruimeidachuju.com - CF: 45.379999999999995, LF: 0.0, DF: 0, UF: 50, UCI: 23.15
2025-04-03 20:29:27,747 - INFO - 结果已保存/追加到 combined_uci_20250403_2027.xlsx
2025-04-03 20:29:27,748 - INFO - 已处理 6 个域名，保存批次
2025-04-03 20:29:33,878 - INFO - 浏览器已关闭
2025-04-03 20:32:43,411 - INFO - 程序启动
2025-04-03 20:32:45,818 - INFO - 浏览器初始化完成
2025-04-03 20:32:45,820 - INFO - 正在处理关键词 菠菜导航
2025-04-03 20:33:17,087 - INFO - 关键词 菠菜导航 - 总内容长度: 15561, 总外链数: 2, 知名域名数: 10, 独特域名数: 1, 第一名内容长度: 251, 第一名外链数: 0
2025-04-03 20:33:17,088 - INFO - 关键词 菠菜导航 - CF: 12.950800000000001, LF: 0.32, DF: 80.0, UF: 10.0, UCI: 22.28
2025-04-03 20:33:21,855 - INFO - 正在处理关键词 博彩sports平台
2025-04-03 20:33:52,765 - INFO - 关键词 博彩sports平台 - 总内容长度: 15718, 总外链数: 1, 知名域名数: 10, 独特域名数: 1, 第一名内容长度: 251, 第一名外链数: 0
2025-04-03 20:33:52,766 - INFO - 关键词 博彩sports平台 - CF: 13.0764, LF: 0.16, DF: 80.0, UF: 10.0, UCI: 22.28
2025-04-03 20:33:52,987 - INFO - 结果已保存/追加到 combined_uci_20250403_2032.xlsx
2025-04-03 20:33:52,987 - INFO - 已处理 2 个关键词，保存批次
2025-04-03 20:33:56,863 - INFO - 正在处理域名 https://m.micro-maker.com
2025-04-03 20:34:10,448 - INFO - 域名 https://m.micro-maker.com - 内容长度: 183325, 外链数: 0
2025-04-03 20:34:10,448 - INFO - 域名 https://m.micro-maker.com - CF: 100, LF: 0.0, DF: 0, UF: 50, UCI: 45.0
2025-04-03 20:34:13,497 - INFO - 正在处理域名 http://www.aierxingz.com
2025-04-03 20:34:23,119 - INFO - 域名 http://www.aierxingz.com - 内容长度: 493, 外链数: 0
2025-04-03 20:34:23,119 - INFO - 域名 http://www.aierxingz.com - CF: 4.93, LF: 0.0, DF: 0, UF: 50, UCI: 6.97
2025-04-03 20:34:28,885 - INFO - 正在处理域名 https://www.bet365.com
2025-04-03 20:34:32,062 - INFO - 域名 https://www.bet365.com - 内容长度: 810, 外链数: 0
2025-04-03 20:34:32,062 - INFO - 域名 https://www.bet365.com - CF: 8.1, LF: 0.0, DF: 0, UF: 50, UCI: 8.24
2025-04-03 20:34:35,529 - INFO - 正在处理域名 https://1xbetind.in
2025-04-03 20:34:40,497 - INFO - 域名 https://1xbetind.in - 内容长度: 97, 外链数: 0
2025-04-03 20:34:40,497 - INFO - 域名 https://1xbetind.in - CF: 0.97, LF: 0.0, DF: 0, UF: 50, UCI: 5.39
2025-04-03 20:34:44,780 - INFO - 正在处理域名 https://www.bet365.com
2025-04-03 20:34:48,451 - INFO - 域名 https://www.bet365.com - 内容长度: 810, 外链数: 0
2025-04-03 20:34:48,451 - INFO - 域名 https://www.bet365.com - CF: 8.1, LF: 0.0, DF: 0, UF: 50, UCI: 8.24
2025-04-03 20:34:48,479 - INFO - 结果已保存/追加到 combined_uci_20250403_2032.xlsx
2025-04-03 20:34:48,479 - INFO - 已处理 5 个域名，保存批次
2025-04-03 20:34:51,826 - INFO - 正在处理域名 https://www.ruimeidachuju.com
2025-04-03 20:34:56,610 - INFO - 域名 https://www.ruimeidachuju.com - 内容长度: 4538, 外链数: 0
2025-04-03 20:34:56,610 - INFO - 域名 https://www.ruimeidachuju.com - CF: 45.379999999999995, LF: 0.0, DF: 0, UF: 50, UCI: 23.15
2025-04-03 20:34:56,628 - INFO - 结果已保存/追加到 combined_uci_20250403_2032.xlsx
2025-04-03 20:34:56,628 - INFO - 已处理 6 个域名，保存批次
2025-04-03 20:35:02,394 - INFO - 浏览器已关闭
